graph=amazon0302
Original input: 262111 vertices, 899792 edges
Removed 0 duplicate edges in conversion to undirected
Processed 262111 vertices, 1799584 edges
Vertices: 262111    Edges: 1799584      1799584
Total time for k-Truss = 7 : 0.165664
262111, 1799584, 1e+10, 0.165664
Vertices: 262111    Edges: 1799584

graph=cit-Patents
Original input: 3774768 vertices, 16518947 edges
Removed 0 duplicate edges in conversion to undirected
Processed 3774768 vertices, 33037894 edges
Vertices: 3774768    Edges: 33037894      33037894
Total time for k-Truss = 22 : 5.3394
3774768, 33037894, 1e+10, 5.3394
Vertices: 3774768    Edges: 33037894

graph=graph500-scale18-ef16
Original input: 174147 vertices, 3800348 edges
Removed 0 duplicate edges in conversion to undirected
Processed 174147 vertices, 7600696 edges
Vertices: 174147    Edges: 7600696      7600696
Total time for k-Truss = 104 : 733.119
174147, 7600696, 1e+10, 733.119
Vertices: 174147    Edges: 7600696

graph=graph500-scale19-ef16
Original input: 335318 vertices, 7729675 edges
Removed 0 duplicate edges in conversion to undirected
Processed 335318 vertices, 15459350 edges
Vertices: 335318    Edges: 15459350      15459350
Total time for k-Truss = 132 : 3003.18
335318, 15459350, 1e+10, 3003.18
Vertices: 335318    Edges: 15459350

graph=graph500-scale20-ef16
Original input: 645820 vertices, 15680861 edges
Removed 0 duplicate edges in conversion to undirected
Processed 645820 vertices, 31361722 edges
Vertices: 645820    Edges: 31361722      31361722
Total time for k-Truss = 176 : 11733.5
645820, 31361722, 1e+10, 11733.5
Vertices: 645820    Edges: 31361722

graph=graph500-scale21-ef16
Original input: 1243072 vertices, 31731650 edges
Removed 0 duplicate edges in conversion to undirected
Processed 1243072 vertices, 63463300 edges
Vertices: 1243072    Edges: 63463300      63463300
Total time for k-Truss = 230 : 45197.8
1243072, 63463300, 1e+10, 45197.8
Vertices: 1243072    Edges: 63463300

graph=graph500-scale22-ef16
Original input: 2393285 vertices, 64097004 edges
Removed 0 duplicate edges in conversion to undirected
Processed 2393285 vertices, 128194008 edges
Vertices: 2393285    Edges: 128194008      128194008
Total time for k-Truss = 308 : 177310
2393285, 128194008, 1e+10, 177310
Vertices: 2393285    Edges: 128194008

graph=graph500-scale23-ef16
Original input: 4606314 vertices, 129250705 edges
Removed 0 duplicate edges in conversion to undirected
Processed 4606314 vertices, 258501410 edges
Vertices: 4606314    Edges: 258501410      258501410
